<?xml version="1.0" encoding="UTF-8"?>
<!-- Generated by org.testng.reporters.JUnitReportReporter -->
<testsuite hostname="Germans-MacBook-Pro.local" failures="0" tests="4" name="Tests.CheckboxTest" time="0.268" errors="0" timestamp="2021-06-28T20:24:46 CEST" skipped="0">
  <testcase classname="Tests.CheckboxTest" name="uncheckSecond" time="0.073"/>
  <system-out/>
  <testcase classname="Tests.CheckboxTest" name="checkFirst" time="0.109"/>
  <system-out/>
  <testcase classname="Tests.CheckboxTest" name="checkSecond" time="0.019"/>
  <system-out/>
  <testcase classname="Tests.CheckboxTest" name="uncheckFirst" time="0.067"/>
  <system-out/>
</testsuite> <!-- Tests.CheckboxTest -->
