<?xml version="1.0" encoding="UTF-8"?>
<!-- Generated by org.testng.reporters.JUnitReportReporter -->
<testsuite hostname="Germans-MacBook-Pro.local" failures="0" tests="2" name="maven_project.test_1.AppiumTest" time="0.006" errors="0" timestamp="2021-05-24T18:55:43 CEST" skipped="0">
  <testcase classname="maven_project.test_1.AppiumTest" name="IOSApps" time="0.006"/>
  <system-out/>
  <testcase classname="maven_project.test_1.AppiumTest" name="NativeAppAndroid" time="0.000"/>
  <system-out/>
</testsuite> <!-- maven_project.test_1.AppiumTest -->
