<?xml version="1.0" encoding="UTF-8"?>
<!-- Generated by org.testng.reporters.JUnitReportReporter -->
<testsuite hostname="Germans-MacBook-Pro.local" failures="0" tests="1" name="Tests.GoogleTest" time="5.165" errors="0" timestamp="2021-06-19T23:42:45 CEST" skipped="0">
  <testcase classname="Tests.GoogleTest" name="navigateToGoogleTest" time="5.165"/>
  <system-out/>
</testsuite> <!-- Tests.GoogleTest -->
