<?xml version="1.0" encoding="UTF-8"?>
<!-- Generated by org.testng.reporters.JUnitReportReporter -->
<testsuite hostname="Germans-MacBook-Pro.local" failures="0" tests="1" name="Tests.BasicAuthTest" time="3.577" errors="0" timestamp="2021-06-28T19:27:09 CEST" skipped="0">
  <testcase classname="Tests.BasicAuthTest" name="basicAuthentication" time="3.577"/>
  <system-out/>
</testsuite> <!-- Tests.BasicAuthTest -->
