<?xml version="1.0" encoding="UTF-8"?>
<!-- Generated by org.testng.reporters.JUnitReportReporter -->
<testsuite hostname="Germans-MacBook-Pro.local" failures="0" tests="1" name="maven_project.test_1.AppTest" time="0.006" errors="0" timestamp="2021-01-29T23:42:48 CET" skipped="0">
  <testcase classname="maven_project.test_1.AppTest" name="shouldAnswerWithTrue" time="0.006"/>
  <system-out/>
</testsuite> <!-- maven_project.test_1.AppTest -->
