<?xml version="1.0" encoding="UTF-8"?>
<!-- Generated by org.testng.reporters.JUnitReportReporter -->
<testsuite hostname="Germans-MacBook-Pro.local" failures="0" tests="1" name="Tests.AddElementsTest" time="0.129" errors="0" timestamp="2021-06-28T20:28:10 CEST" skipped="0">
  <testcase classname="Tests.AddElementsTest" name="addElement" time="0.129"/>
  <system-out/>
</testsuite> <!-- Tests.AddElementsTest -->
