<?xml version="1.0" encoding="UTF-8"?>
<!-- Generated by org.testng.reporters.JUnitReportReporter -->
<testsuite hostname="Germans-MacBook-Pro.local" failures="0" tests="1" name="maven_project.test_1.SeleniumTest" time="0.006" errors="0" timestamp="2021-02-27T19:08:15 CET" skipped="0">
  <testcase classname="maven_project.test_1.SeleniumTest" name="BrowserAutomationUi" time="0.006"/>
  <system-out/>
</testsuite> <!-- maven_project.test_1.SeleniumTest -->
