<?xml version="1.0" encoding="UTF-8"?>
<!-- Generated by org.testng.reporters.JUnitReportReporter -->
<testsuite hostname="Germans-MacBook-Pro.local" failures="0" tests="1" name="maven_project.test_1.RESTAPITest" time="0.007" errors="0" timestamp="2021-01-30T19:03:21 CET" skipped="0">
  <testcase classname="maven_project.test_1.RESTAPITest" name="postJira" time="0.007"/>
  <system-out/>
</testsuite> <!-- maven_project.test_1.RESTAPITest -->
