<?xml version="1.0" encoding="UTF-8"?>
<!-- Generated by org.testng.reporters.JUnitReportReporter -->
<testsuite hostname="Germans-MacBook-Pro.local" failures="0" tests="1" name="tests.BasicAuthTest" time="0.814" errors="0" timestamp="2021-08-30T18:49:55 CEST" skipped="0">
  <testcase classname="tests.BasicAuthTest" name="basicAuthentication" time="0.814"/>
  <system-out/>
</testsuite> <!-- tests.BasicAuthTest -->
