<?xml version="1.0" encoding="UTF-8"?>
<!-- Generated by org.testng.reporters.JUnitReportReporter -->
<testsuite hostname="Germans-MBP" failures="0" tests="3" name="tests.AddElementsTest" time="0.000" errors="0" timestamp="2021-11-07T17:26:07 CET" skipped="3">
  <testcase classname="tests.AddElementsTest" name="addRemoveElement" time="0.000">
    <skipped/>
  </testcase> <!-- addRemoveElement -->
  <system-out/>
  <testcase classname="tests.AddElementsTest" name="addSeveralElements" time="0.000">
    <skipped/>
  </testcase> <!-- addSeveralElements -->
  <system-out/>
  <testcase classname="tests.AddElementsTest" name="addElement" time="0.000">
    <skipped/>
  </testcase> <!-- addElement -->
  <system-out/>
</testsuite> <!-- tests.AddElementsTest -->
