<?xml version="1.0" encoding="UTF-8"?>
<!-- Generated by org.testng.reporters.JUnitReportReporter -->
<testsuite hostname="Germans-MacBook-Pro.local" failures="0" tests="3" name="Tests.AddElementsTest" time="20.499" errors="0" timestamp="2021-06-27T19:36:47 CEST" skipped="0">
  <testcase classname="Tests.AddElementsTest" name="addSeveralElements" time="10.270"/>
  <system-out/>
  <testcase classname="Tests.AddElementsTest" name="addRemoveElement" time="10.139"/>
  <system-out/>
  <testcase classname="Tests.AddElementsTest" name="addElement" time="0.090"/>
  <system-out/>
</testsuite> <!-- Tests.AddElementsTest -->
