<?xml version="1.0" encoding="UTF-8"?>
<!-- Generated by org.testng.reporters.JUnitReportReporter -->
<testsuite hostname="Germans-MBP" failures="0" tests="3" name="tests.AddElementsTest" time="23.799" errors="0" timestamp="2021-11-07T19:05:31 CET" skipped="0">
  <testcase classname="tests.AddElementsTest" name="addRemoveElement" time="10.726"/>
  <system-out/>
  <testcase classname="tests.AddElementsTest" name="addElement" time="1.231"/>
  <system-out/>
  <testcase classname="tests.AddElementsTest" name="addSeveralElements" time="11.842"/>
  <system-out/>
</testsuite> <!-- tests.AddElementsTest -->
