<?xml version="1.0" encoding="UTF-8"?>
<!-- Generated by org.testng.reporters.JUnitReportReporter -->
<testsuite hostname="Germans-MBP" failures="0" tests="1" name="tests.BasicAuthTest" time="0.873" errors="0" timestamp="2021-11-07T19:05:31 CET" skipped="0">
  <testcase classname="tests.BasicAuthTest" name="basicAuthentication" time="0.873"/>
  <system-out/>
</testsuite> <!-- tests.BasicAuthTest -->
