<?xml version="1.0" encoding="UTF-8"?>
<!-- Generated by org.testng.reporters.JUnitReportReporter -->
<testsuite hostname="Germans-MacBook-Pro.local" failures="0" tests="3" name="tests.AddElementsTest" time="22.268" errors="0" timestamp="2021-08-30T18:49:55 CEST" skipped="0">
  <testcase classname="tests.AddElementsTest" name="addSeveralElements" time="10.970"/>
  <system-out/>
  <testcase classname="tests.AddElementsTest" name="addRemoveElement" time="10.730"/>
  <system-out/>
  <testcase classname="tests.AddElementsTest" name="addElement" time="0.568"/>
  <system-out/>
</testsuite> <!-- tests.AddElementsTest -->
